Created by PLY version 3.11 (http://www.dabeaz.com/ply)

Unused terminals:

    CHAR
    EQUALS
    NUMBER
    STRING

Grammar

Rule 0     S' -> declaration
Rule 1     declaration -> DTYPE list SEMICOLON
Rule 2     list -> ID COMMA list
Rule 3     list -> ID

Terminals, with rules where they appear

CHAR                 : 
COMMA                : 2
DTYPE                : 1
EQUALS               : 
ID                   : 2 3
NUMBER               : 
SEMICOLON            : 1
STRING               : 
error                : 

Nonterminals, with rules where they appear

declaration          : 0
list                 : 1 2

Parsing method: LALR

state 0

    (0) S' -> . declaration
    (1) declaration -> . DTYPE list SEMICOLON

    DTYPE           shift and go to state 2

    declaration                    shift and go to state 1

state 1

    (0) S' -> declaration .



state 2

    (1) declaration -> DTYPE . list SEMICOLON
    (2) list -> . ID COMMA list
    (3) list -> . ID

    ID              shift and go to state 4

    list                           shift and go to state 3

state 3

    (1) declaration -> DTYPE list . SEMICOLON

    SEMICOLON       shift and go to state 5


state 4

    (2) list -> ID . COMMA list
    (3) list -> ID .

    COMMA           shift and go to state 6
    SEMICOLON       reduce using rule 3 (list -> ID .)


state 5

    (1) declaration -> DTYPE list SEMICOLON .

    $end            reduce using rule 1 (declaration -> DTYPE list SEMICOLON .)


state 6

    (2) list -> ID COMMA . list
    (2) list -> . ID COMMA list
    (3) list -> . ID

    ID              shift and go to state 4

    list                           shift and go to state 7

state 7

    (2) list -> ID COMMA list .

    SEMICOLON       reduce using rule 2 (list -> ID COMMA list .)

